<?xml version="1.0" encoding="UTF-8"?>
<testng-results ignored="0" total="1" passed="1" failed="0" skipped="0">
  <reporter-output>
  </reporter-output>
  <suite started-at="2020-08-21T01:36:23 IST" name="Default suite" finished-at="2020-08-21T01:37:10 IST" duration-ms="46834">
    <groups>
    </groups>
    <test started-at="2020-08-21T01:36:23 IST" name="Default test" finished-at="2020-08-21T01:37:10 IST" duration-ms="46834">
      <class name="testng.Parameterized_DataDriven_POI">
        <test-method is-config="true" signature="beforeMethod()[pri:0, instance:testng.Parameterized_DataDriven_POI@623a8092]" started-at="2020-08-21T01:36:23 IST" name="beforeMethod" finished-at="2020-08-21T01:36:50 IST" duration-ms="26391" status="PASS">
          <reporter-output>
          </reporter-output>
        </test-method> <!-- beforeMethod -->
        <test-method signature="test()[pri:0, instance:testng.Parameterized_DataDriven_POI@623a8092]" started-at="2020-08-21T01:36:50 IST" name="test" finished-at="2020-08-21T01:37:04 IST" duration-ms="14315" status="PASS">
          <reporter-output>
          </reporter-output>
        </test-method> <!-- test -->
        <test-method is-config="true" signature="afterMethod()[pri:0, instance:testng.Parameterized_DataDriven_POI@623a8092]" started-at="2020-08-21T01:37:04 IST" name="afterMethod" finished-at="2020-08-21T01:37:10 IST" duration-ms="6094" status="PASS">
          <reporter-output>
          </reporter-output>
        </test-method> <!-- afterMethod -->
      </class> <!-- testng.Parameterized_DataDriven_POI -->
    </test> <!-- Default test -->
  </suite> <!-- Default suite -->
</testng-results>
