<?xml version="1.0" encoding="UTF-8"?>
<testng-results ignored="0" total="1" passed="1" failed="0" skipped="0">
  <reporter-output>
  </reporter-output>
  <suite started-at="2020-06-28T15:22:39 IST" name="Default suite" finished-at="2020-06-28T15:23:16 IST" duration-ms="36947">
    <groups>
    </groups>
    <test started-at="2020-06-28T15:22:39 IST" name="Default test" finished-at="2020-06-28T15:23:16 IST" duration-ms="36947">
      <class name="pomframework.VerifyLoginPage">
        <test-method signature="verifyLogin()[pri:0, instance:pomframework.VerifyLoginPage@762ef0ea]" started-at="2020-06-28T15:22:39 IST" name="verifyLogin" finished-at="2020-06-28T15:23:16 IST" duration-ms="36898" status="PASS">
          <reporter-output>
          </reporter-output>
        </test-method> <!-- verifyLogin -->
      </class> <!-- pomframework.VerifyLoginPage -->
    </test> <!-- Default test -->
  </suite> <!-- Default suite -->
</testng-results>
